Python 3.12.1 (v3.12.1:2305ca5144, Dec  7 2023, 17:23:38) [Clang 13.0.0 (clang-1300.0.29.30)]
Type "help", "copyright", "credits" or "license" for more information.
[evaluate OldMacDonald_Assignment.py]
Enter the name of the file listing the animals on Old McDonald's farm: animals_long.csv
Old MacDonald had a farm,
E-I-E-I-O
And on that farm he had a, bee,
E-I-E-I-O
With a buzz-buzz here, and a buzz-buzz there,
Here a buzz, there a buzz, everywhere a buzz-buzz,
Old MacDonald had a farm,
E-I-E-I-O

Old MacDonald had a farm,
E-I-E-I-O
And on that farm he had a, lion,
E-I-E-I-O
With a roar-roar here, and a roar-roar there,
Here a roar, there a roar, everywhere a roar-roar,
With a buzz-buzz here, and a buzz-buzz there,
Here a buzz, there a buzz, everywhere a buzz-buzz,
Old MacDonald had a farm,
E-I-E-I-O

Old MacDonald had a farm,
E-I-E-I-O
And on that farm he had a, bluejay,
E-I-E-I-O
With a tweet-tweet here, and a tweet-tweet there,
Here a tweet, there a tweet, everywhere a tweet-tweet,
With a roar-roar here, and a roar-roar there,
Here a roar, there a roar, everywhere a roar-roar,
With a buzz-buzz here, and a buzz-buzz there,
Here a buzz, there a buzz, everywhere a buzz-buzz,
Old MacDonald had a farm,
E-I-E-I-O

Old MacDonald had a farm,
E-I-E-I-O
And on that farm he had a, snake,
E-I-E-I-O
With a hiss-hiss here, and a hiss-hiss there,
Here a hiss, there a hiss, everywhere a hiss-hiss,
With a tweet-tweet here, and a tweet-tweet there,
Here a tweet, there a tweet, everywhere a tweet-tweet,
With a roar-roar here, and a roar-roar there,
Here a roar, there a roar, everywhere a roar-roar,
With a buzz-buzz here, and a buzz-buzz there,
Here a buzz, there a buzz, everywhere a buzz-buzz,
Old MacDonald had a farm,
E-I-E-I-O

Old MacDonald had a farm,
E-I-E-I-O
And on that farm he had a, frog,
E-I-E-I-O
With a ribit-ribit here, and a ribit-ribit there,
Here a ribit, there a ribit, everywhere a ribit-ribit,
With a hiss-hiss here, and a hiss-hiss there,
Here a hiss, there a hiss, everywhere a hiss-hiss,
With a tweet-tweet here, and a tweet-tweet there,
Here a tweet, there a tweet, everywhere a tweet-tweet,
With a roar-roar here, and a roar-roar there,
Here a roar, there a roar, everywhere a roar-roar,
With a buzz-buzz here, and a buzz-buzz there,
Here a buzz, there a buzz, everywhere a buzz-buzz,
Old MacDonald had a farm,
E-I-E-I-O

Old MacDonald had a farm,
E-I-E-I-O
And on that farm he had a, eagle,
E-I-E-I-O
With a caw-caw here, and a caw-caw there,
Here a caw, there a caw, everywhere a caw-caw,
With a ribit-ribit here, and a ribit-ribit there,
Here a ribit, there a ribit, everywhere a ribit-ribit,
With a hiss-hiss here, and a hiss-hiss there,
Here a hiss, there a hiss, everywhere a hiss-hiss,
With a tweet-tweet here, and a tweet-tweet there,
Here a tweet, there a tweet, everywhere a tweet-tweet,
With a roar-roar here, and a roar-roar there,
Here a roar, there a roar, everywhere a roar-roar,
With a buzz-buzz here, and a buzz-buzz there,
Here a buzz, there a buzz, everywhere a buzz-buzz,
Old MacDonald had a farm,
E-I-E-I-O

Old MacDonald had a farm,
E-I-E-I-O
And on that farm he had a, turkey,
E-I-E-I-O
With a goble-goble here, and a goble-goble there,
Here a goble, there a goble, everywhere a goble-goble,
With a caw-caw here, and a caw-caw there,
Here a caw, there a caw, everywhere a caw-caw,
With a ribit-ribit here, and a ribit-ribit there,
Here a ribit, there a ribit, everywhere a ribit-ribit,
With a hiss-hiss here, and a hiss-hiss there,
Here a hiss, there a hiss, everywhere a hiss-hiss,
With a tweet-tweet here, and a tweet-tweet there,
Here a tweet, there a tweet, everywhere a tweet-tweet,
With a roar-roar here, and a roar-roar there,
Here a roar, there a roar, everywhere a roar-roar,
With a buzz-buzz here, and a buzz-buzz there,
Here a buzz, there a buzz, everywhere a buzz-buzz,
Old MacDonald had a farm,
E-I-E-I-O

